<?xml version="1.0" encoding="UTF-8"?>
<!-- Generated by org.testng.reporters.JUnitReportReporter -->
<testsuite hostname="DESKTOP-M0EFBNK" failures="0" tests="1" name="TestScripts.FirstTest" time="16.250" errors="0" timestamp="2023-02-17T21:32:49 IST" skipped="0">
  <testcase classname="TestScripts.FirstTest" name="firstTest" time="16.250"/>
  <system-out/>
</testsuite> <!-- TestScripts.FirstTest -->
