<?xml version="1.0" encoding="UTF-8"?>
<!-- Generated by org.testng.reporters.JUnitReportReporter -->
<testsuite hostname="DESKTOP-M0EFBNK" failures="0" tests="1" name="TestScripts.ThirdTest" time="43.212" errors="0" timestamp="2023-02-18T22:22:18 IST" skipped="0">
  <testcase classname="TestScripts.ThirdTest" name="thirdTest" time="43.212"/>
  <system-out/>
</testsuite> <!-- TestScripts.ThirdTest -->
