<?xml version="1.0" encoding="UTF-8"?>
<!-- Generated by org.testng.reporters.JUnitReportReporter -->
<testsuite hostname="DESKTOP-M0EFBNK" failures="0" tests="1" name="TestScripts.SecondTest" time="39.951" errors="0" timestamp="2023-02-18T08:31:50 IST" skipped="0">
  <testcase classname="TestScripts.SecondTest" name="secondTest" time="39.951"/>
  <system-out/>
</testsuite> <!-- TestScripts.SecondTest -->
