<?xml version="1.0" encoding="UTF-8"?>
<!-- Generated by org.testng.reporters.JUnitReportReporter -->
<testsuite hostname="DESKTOP-M0EFBNK" failures="0" tests="1" name="TestScripts.FourthTest" time="16.872" errors="0" timestamp="2023-02-18T22:22:48 IST" skipped="0">
  <testcase classname="TestScripts.FourthTest" name="fourthTest" time="16.872"/>
  <system-out/>
</testsuite> <!-- TestScripts.FourthTest -->
