<?xml version="1.0" encoding="UTF-8"?>
<!-- Generated by org.testng.reporters.JUnitReportReporter -->
<testsuite hostname="DESKTOP-M0EFBNK" failures="0" tests="1" name="TestScripts.SecondTest" time="21.211" errors="0" timestamp="2023-02-18T22:21:18 IST" skipped="0">
  <testcase classname="TestScripts.SecondTest" name="secondTest" time="21.211"/>
  <system-out/>
</testsuite> <!-- TestScripts.SecondTest -->
