<?xml version="1.0" encoding="UTF-8"?>
<!-- Generated by org.testng.reporters.JUnitReportReporter -->
<testsuite hostname="DESKTOP-M0EFBNK" failures="0" tests="1" name="TestScripts.FirstTest" time="21.311" errors="0" timestamp="2023-02-18T22:20:36 IST" skipped="0">
  <testcase classname="TestScripts.FirstTest" name="firstTest" time="21.311"/>
  <system-out/>
</testsuite> <!-- TestScripts.FirstTest -->
